<?xml version="1.0" encoding="UTF-8"?>
<!-- Generated by org.testng.reporters.JUnitReportReporter -->
<testsuite hostname="DESKTOP-KTJHGDS" failures="0" tests="1" name="Test.Gocircular_test" time="10.086" errors="0" timestamp="2024-04-16T00:25:06 IST" skipped="0">
  <testcase classname="Test.Gocircular_test" name="gocirculartest" time="10.086"/>
  <system-out/>
</testsuite> <!-- Test.Gocircular_test -->
