<?xml version="1.0" encoding="UTF-8"?>
<!-- Generated by org.testng.reporters.JUnitReportReporter -->
<testsuite hostname="DESKTOP-KTJHGDS" failures="0" tests="1" name="Test.Online_booking_test" time="6.681" errors="0" timestamp="2024-04-16T00:38:07 IST" skipped="0">
  <testcase classname="Test.Online_booking_test" name="onlinetest" time="6.681"/>
  <system-out/>
</testsuite> <!-- Test.Online_booking_test -->
