<?xml version="1.0" encoding="UTF-8"?>
<!-- Generated by org.testng.reporters.JUnitReportReporter -->
<testsuite hostname="DESKTOP-KTJHGDS" failures="0" tests="1" name="Test.Rest_house_test" time="11.374" errors="0" timestamp="2024-04-16T01:08:49 IST" skipped="0">
  <testcase classname="Test.Rest_house_test" name="clickresthousetest" time="11.374"/>
  <system-out/>
</testsuite> <!-- Test.Rest_house_test -->
