<?xml version="1.0" encoding="UTF-8"?>
<!-- Generated by org.testng.reporters.JUnitReportReporter -->
<testsuite hostname="DESKTOP-KTJHGDS" failures="0" tests="1" name="Test.PWDresthouse_home_test" time="11.503" errors="0" timestamp="2024-04-16T01:08:15 IST" skipped="0">
  <testcase classname="Test.PWDresthouse_home_test" name="search" time="11.503"/>
  <system-out/>
</testsuite> <!-- Test.PWDresthouse_home_test -->
