<?xml version="1.0" encoding="UTF-8"?>
<!-- Generated by org.testng.reporters.JUnitReportReporter -->
<testsuite hostname="DESKTOP-KTJHGDS" failures="0" tests="1" name="Test.Payment_status_test" time="7.726" errors="0" timestamp="2024-04-16T00:44:37 IST" skipped="0">
  <testcase classname="Test.Payment_status_test" name="transactionstest" time="7.726"/>
  <system-out/>
</testsuite> <!-- Test.Payment_status_test -->
