<?xml version="1.0" encoding="UTF-8"?>
<!-- Generated by org.testng.reporters.JUnitReportReporter -->
<testsuite hostname="DESKTOP-KTJHGDS" failures="0" tests="1" name="Test.Cancel_bookingtest" time="8.968" errors="0" timestamp="2024-04-16T00:28:18 IST" skipped="0">
  <testcase classname="Test.Cancel_bookingtest" name="onlinebooking" time="8.968"/>
  <system-out/>
</testsuite> <!-- Test.Cancel_bookingtest -->
