<?xml version="1.0" encoding="UTF-8"?>
<!-- Generated by org.testng.reporters.JUnitReportReporter -->
<testsuite hostname="DESKTOP-KTJHGDS" failures="0" tests="1" name="Test.Contact_test" time="7.845" errors="0" timestamp="2024-04-16T00:12:38 IST" skipped="0">
  <testcase classname="Test.Contact_test" name="gotocontacttest" time="7.845"/>
  <system-out/>
</testsuite> <!-- Test.Contact_test -->
