<?xml version="1.0" encoding="UTF-8"?>
<!-- Generated by org.testng.reporters.JUnitReportReporter -->
<testsuite hostname="DESKTOP-KTJHGDS" failures="0" tests="1" name="Test.Booking_test" time="15.583" errors="0" timestamp="2024-04-16T00:27:14 IST" skipped="0">
  <testcase classname="Test.Booking_test" name="checkbooking" time="15.583"/>
  <system-out/>
</testsuite> <!-- Test.Booking_test -->
