<?xml version="1.0" encoding="UTF-8"?>
<!-- Generated by org.testng.reporters.JUnitReportReporter -->
<testsuite hostname="DESKTOP-KTJHGDS" failures="0" tests="1" name="Test.Feedback_test" time="8.593" errors="0" timestamp="2024-04-16T00:16:24 IST" skipped="0">
  <testcase classname="Test.Feedback_test" name="feedbacktest" time="8.593"/>
  <system-out/>
</testsuite> <!-- Test.Feedback_test -->
